<?xml version="1.0" encoding="UTF-8"?>
<!-- Generated by org.testng.reporters.JUnitReportReporter -->
<testsuite hostname="AnandaveluR-PC" name="com.charter.sb.controllers.MasterScript" tests="1" failures="0" timestamp="4 Nov 2016 00:01:45 GMT" time="1021.247" errors="0">
  <testcase name="FnMainTest" time="1021.247" classname="com.charter.sb.controllers.MasterScript"/>
</testsuite> <!-- com.charter.sb.controllers.MasterScript -->
